16 16 -1 -1 1 1 -1 -1 -1 1 1 -1 -1 -1 -1 1 1 1 -1 1 -1 -1 -1 1 -1 -1 1 -1 -1 -1 1 1 -1 -1 -1 -1 1 -1 1 1 1 1 1 1 -1 1 1 -1 -1 1 -1 1 -1 -1 -1 -1 1 1 1 1 -1 -1 1 1 -1 1 -1 -1 -1 -1 -1 1 -1 1 -1 -1 1 -1 -1 1 1 1 -1 -1 1 -1 -1 -1 -1 1 1 -1 1 -1 -1 1 -1 -1 1 -1 -1 -1 1 1 1 1 1 1 -1 1 -1 -1 1 1 -1 -1 1 -1 1 -1 1 1 1 -1 -1 1 1 1 1 -1
0 0 -1
1 0 -1
1 1 1
0 1 1
0 2 -1
1 2 -1
1 3 -1
0 3 1
15 3 1
14 3 -1
14 2 -1
15 2 -1
15 1 -1
15 0 1
14 0 1
14 1 1
13 1 -1
13 2 1
12 2 -1
11 2 -1
11 1 -1
12 1 1
12 0 -1
13 0 -1
13 15 1
14 15 -1
15 15 -1
15 14 -1
0 14 1
0 15 1
1 15 -1
1 14 -1
1 13 -1
0 13 -1
15 13 1
15 12 -1
0 12 1
1 12 1
2 12 1
2 13 1
2 14 1
3 14 1
3 15 -1
2 15 1
2 0 1
2 1 -1
3 1 -1
3 0 1
4 0 -1
4 15 1
4 14 -1
4 13 -1
3 13 -1
3 12 -1
4 12 1
5 12 1
5 13 1
5 14 1
5 15 -1
6 15 -1
6 0 1
5 0 1
5 1 -1
4 1 1
4 2 -1
4 3 -1
4 4 -1
3 4 -1
2 4 -1
1 4 1
1 5 -1
0 5 1
0 4 -1
15 4 -1
14 4 1
13 4 -1
13 3 -1
12 3 1
11 3 1
11 4 1
12 4 -1
12 5 -1
13 5 1
14 5 -1
14 6 -1
13 6 -1
13 7 -1
12 7 1
12 6 1
11 6 -1
10 6 1
10 5 -1
10 4 -1
9 4 1
8 4 -1
8 5 -1
8 6 1
9 6 -1
9 7 -1
10 7 -1
11 7 1
11 8 1
10 8 1
9 8 1
9 9 1
8 9 1
8 8 -1
7 8 1
7 9 -1
7 10 -1
6 10 1
6 9 1
6 8 -1
6 7 -1
7 7 1
7 6 -1
6 6 1
6 5 -1
7 5 1
7 4 1
6 4 1
6 3 -1
6 2 -1
5 2 1
5 3 1
5 4 1
5 5 1
5 6 -1
64
