64 64 0 0 -1 0 0 0 0 -1 0 0 0 0 0 -1 0 1 0 0 0 0 0 1 0 0 0 0 0 0 0 1 0 0 0 0 1 0 0 0 1 -1 -1 0 0 0 0 0 0 0 0 0 0 0 0 0 -1 0 0 -1 0 0 1 -1 0 0 0 0 0 0 0 1 0 0 0 0 0 0 0 1 1 -1 0 0 0 0 0 0 0 0 0 0 0 0 0 0 0 0 0 0 0 0 1 1 0 0 -1 0 0 0 0 0 0 0 0 0 0 0 0 0 -1 1 1 0 0 0 0 0 1 0 1 -1 0 0 0 -1 0 -1 1 0 0 -1 0 0 0 0 0 1 0 0 0 0 0 0 0 0 0 -1 0 0 0 0 0 0 0 0 0 0 0 0 0 1 0 0 0 0 -1 0 1 0 0 -1 1 -1 0 0 0 0 0 0 0 0 0 0 0 0 0 1 1 0 0 1 1 0 0 0 0 -1 0 0 0 0 0 0 0 -1 0 0 0 0 0 0 0 0 0 0 0 0 -1 1 1 0 0 0 0 0 0 1 1 0 0 0 0 0 1 0 0 0 0 0 0 0 0 0 0 0 0 0 0 0 0 0 0 0 0 0 1 0 0 0 0 0 0 0 0 -1 0 0 0 -1 0 0 0 0 0 0 0 0 0 0 0 0 0 0 1 -1 0 -1 0 -1 -1 0 0 0 1 1 0 0 0 0 -1 0 0 0 0 1 -1 0 1 0 0 -1 0 0 0 0 0 -1 0 0 0 0 0 0 0 0 0 0 0 0 0 0 0 0 1 0 0 1 -1 0 0 0 0 0 0 0 0 0 0 1 -1 0 0 0 0 0 0 -1 -1 0 0 0 1 0 0 0 0 -1 0 1 1 -1 0 0 0 0 0 0 0 0 1 0 0 0 0 0 0 0 0 0 0 0 0 0 1 0 0 -1 0 1 0 0 0 0 0 0 0 0 0 0 0 0 0 0 1 0 0 1 0 1 0 -1 -1 0 0 0 -1 0 0 1 0 1 0 0 0 0 1 -1 0 0 0 0 0 0 0 0 0 0 0 0 0 0 0 0 0 1 0 0 0 0 0 0 0 0 -1 0 0 0 0 1 0 0 0 0 0 0 0 0 0 0 -1 0 0 0 0 0 0 0 0 0 0 0 0 1 1 0 1 0 -1 0 0 0 0 0 -1 0 0 1 0 1 0 0 0 0 0 0 1 0 0 -1 0 -1 0 0 -1 0 0 0 -1 0 -1 0 0 0 0 0 0 0 -1 0 0 0 0 0 0 0 0 0 1 0 0 1 -1 0 0 0 0 0 0 0 0 0 0 -1 0 0 0 0 0 1 0 0 0 0 0 0 0 0 0 -1 0 0 0 0 0 0 0 0 0 0 0 1 -1 0 0 0 -1 0 0 0 0 0 0 1 0 0 -1 0 0 0 0 0 -1 0 0 -1 0 0 0 0 0 0 0 0 0 0 0 0 1 0 0 0 0 0 0 0 0 0 0 0 0 0 0 0 0 0 0 0 1 0 0 0 0 0 0 -1 0 0 -1 0 0 1 0 0 0 0 0 0 0 0 0 1 -1 0 -1 0 0 0 1 0 1 0 0 -1 1 0 0 -1 0 -1 0 0 0 0 1 0 0 0 1 0 0 0 0 0 0 0 0 0 0 0 0 0 0 1 0 1 0 0 0 0 0 0 0 0 0 0 -1 0 0 0 0 0 0 -1 0 0 1 -1 0 0 -1 0 0 -1 0 -1 0 0 0 0 0 0 0 0 0 0 -1 0 0 -1 1 0 -1 0 1 0 1 0 0 0 0 0 0 -1 1 0 -1 0 0 0 0 1 0 0 0 0 0 0 0 0 0 0 -1 0 0 1 0 0 -1 0 -1 1 0 0 0 0 -1 0 0 0 1 0 0 0 0 0 0 1 -1 0 1 0 0 1 0 0 1 0 0 0 0 -1 -1 0 0 -1 -1 0 0 -1 0 0 0 0 0 0 0 0 0 0 0 1 0 0 0 0 0 0 0 0 0 -1 0 1 0 -1 -1 0 0 0 0 0 0 0 0 0 0 0 0 1 0 0 0 1 0 0 0 0 0 0 0 -1 0 0 0 0 0 -1 0 0 0 0 0 0 0 1 -1 0 0 0 0 0 0 0 0 0 0 0 0 0 0 0 0 0 0 0 0 0 0 0 0 0 0 0 -1 0 0 0 0 0 0 0 0 0 0 0 0 0 0 0 0 0 0 0 1 0 1 0 1 0 0 0 0 0 0 -1 0 1 0 0 0 0 1 0 0 0 -1 0 0 1 0 0 0 0 0 0 0 0 0 0 0 0 0 0 -1 0 0 1 0 0 1 1 0 1 1 0 0 0 0 0 0 0 0 -1 0 0 0 0 -1 0 1 0 -1 0 0 0 0 0 0 -1 0 -1 0 0 0 0 0 -1 1 1 -1 0 0 0 0 0 1 0 0 1 1 0 0 0 0 0 0 0 0 0 0 0 0 1 0 0 0 0 0 0 0 -1 0 0 0 0 -1 0 0 0 0 1 0 0 0 0 0 0 0 0 0 0 0 0 0 1 0 1 0 0 0 0 1 0 -1 0 0 0 0 1 0 -1 0 1 0 0 -1 0 -1 0 0 0 0 0 0 0 1 0 -1 0 0 -1 0 -1 1 0 -1 -1 -1 0 0 0 0 0 0 1 0 1 0 -1 0 0 -1 0 0 0 0 0 0 0 1 0 0 1 0 0 0 0 0 0 0 0 0 0 0 -1 0 0 0 0 0 0 -1 0 0 0 0 -1 0 0 0 0 0 0 -1 0 0 0 1 1 0 0 0 0 0 0 0 0 0 0 0 0 1 1 0 0 0 -1 0 0 0 0 1 0 0 0 0 1 0 0 0 0 0 0 1 1 0 1 0 0 0 0 0 0 0 0 0 0 0 0 0 -1 -1 0 -1 0 0 0 0 0 0 0 0 -1 0 0 0 0 0 0 0 -1 0 0 1 0 0 -1 0 -1 0 0 0 0 0 0 0 0 0 0 0 0 1 0 0 0 0 1 0 0 0 1 0 -1 -1 0 1 0 0 0 0 -1 0 0 0 0 0 0 0 0 0 -1 0 0 -1 0 0 -1 0 -1 0 0 0 -1 1 0 0 0 0 0 0 0 -1 0 0 0 -1 0 0 0 0 1 1 0 0 0 0 0 0 0 0 0 0 0 0 1 -1 0 1 0 0 0 0 0 0 1 -1 0 0 0 0 0 -1 0 0 1 1 0 0 0 0 0 0 0 0 0 0 0 0 1 -1 0 0 -1 0 0 0 -1 0 0 -1 0 0 0 0 0 0 0 0 0 1 1 1 0 1 -1 0 0 0 0 0 1 0 0 0 0 0 0 0 -1 0 0 0 0 1 0 0 -1 1 0 -1 0 -1 0 1 -1 0 0 0 0 0 0 0 0 0 1 0 0 0 0 0 -1 0 0 0 0 0 0 0 0 0 0 0 0 -1 0 0 0 -1 0 0 1 0 0 1 -1 0 0 -1 0 0 0 -1 1 0 0 1 0 0 0 0 0 0 0 0 1 0 -1 0 1 0 0 1 0 0 -1 0 0 0 0 1 0 -1 0 0 0 0 -1 0 -1 0 0 0 0 0 0 0 0 -1 0 0 0 1 0 0 0 0 0 0 0 0 0 0 0 0 0 0 0 0 0 0 0 0 0 -1 0 0 0 0 -1 0 0 0 0 0 1 0 0 0 0 0 -1 0 0 0 0 0 1 0 0 -1 0 0 0 1 0 0 0 0 0 0 0 0 0 0 0 0 0 0 1 0 0 0 0 -1 0 0 0 0 0 0 0 0 0 0 0 0 0 0 0 0 0 0 0 0 0 0 0 0 -1 0 0 0 0 0 0 -1 0 0 0 0 0 0 0 0 0 0 -1 0 1 0 -1 -1 -1 0 0 0 -1 0 0 1 0 0 0 0 -1 0 -1 0 0 0 0 0 1 0 0 1 0 0 0 0 0 0 0 0 0 0 0 0 0 0 0 0 0 0 0 0 0 0 0 0 0 0 0 0 0 0 0 0 0 0 0 1 0 0 0 0 0 0 0 0 0 0 0 0 1 0 0 0 0 0 0 0 0 0 0 0 0 -1 0 0 1 0 0 0 0 0 0 -1 0 0 1 1 0 0 0 0 0 0 0 0 -1 0 0 0 0 0 0 0 0 0 0 0 1 0 0 0 0 1 0 0 0 0 0 -1 0 0 -1 1 0 0 -1 1 0 0 1 0 -1 0 0 0 0 -1 0 0 0 1 -1 -1 0 1 0 0 0 0 -1 -1 0 1 -1 0 0 0 0 0 0 0 0 0 0 0 0 0 0 0 1 0 0 0 0 0 0 0 0 0 0 0 0 1 -1 0 0 -1 0 0 0 0 1 0 0 0 0 0 0 0 0 0 0 0 1 0 0 0 0 -1 1 0 0 0 0 0 0 1 0 0 0 0 0 0 0 0 0 0 0 0 -1 0 0 0 -1 0 0 0 0 0 1 0 0 0 1 0 1 0 0 0 0 -1 0 0 0 0 0 1 0 0 0 1 0 -1 0 0 1 -1 0 0 0 0 0 0 1 0 0 0 0 -1 0 -1 0 -1 0 0 0 -1 0 0 -1 0 0 0 0 0 0 0 0 0 0 0 0 0 0 0 0 -1 0 0 0 0 0 0 0 0 0 0 0 0 0 0 -1 0 0 0 0 0 0 0 0 0 0 0 0 0 0 0 0 0 0 0 1 0 0 0 0 0 0 0 0 0 0 0 0 1 0 0 0 0 0 0 0 0 0 0 0 0 0 0 0 0 0 0 -1 0 0 0 0 0 0 0 0 0 0 0 0 0 0 -1 1 1 0 0 0 0 0 0 0 0 0 0 -1 0 0 1 -1 0 -1 -1 -1 0 -1 0 0 0 0 0 0 0 0 0 0 0 0 0 0 0 0 -1 0 0 0 1 0 0 0 0 1 0 0 0 0 0 0 1 0 0 0 0 0 0 0 0 0 0 0 0 0 0 0 0 0 -1 0 0 0 0 0 0 0 0 0 0 0 0 0 0 1 0 0 0 -1 -1 0 0 0 0 0 0 0 0 0 0 0 1 0 0 0 0 0 0 0 0 0 0 0 0 0 -1 0 0 0 0 -1 0 -1 0 0 0 0 0 1 0 0 0 0 0 0 1 0 0 0 0 0 0 1 0 -1 1 0 0 0 0 0 0 0 1 0 0 0 0 0 1 -1 0 1 0 1 0 0 0 0 0 1 0 -1 0 0 0 -1 0 0 0 0 0 0 1 0 0 0 0 0 0 -1 0 0 0 0 0 1 0 0 0 0 0 0 0 1 0 0 0 0 0 0 0 0 0 0 0 0 1 0 0 0 0 0 0 0 0 0 0 0 -1 0 0 0 0 0 -1 0 0 0 0 1 0 0 0 -1 0 0 -1 0 0 0 -1 0 0 0 0 0 1 0 1 0 0 1 0 0 0 0 0 0 0 0 0 1 1 1 0 0 0 0 -1 0 0 0 -1 0 0 0 0 0 0 0 0 0 0 0 0 0 0 0 0 0 0 0 0 0 0 -1 0 0 0 0 0 0 0 -1 1 0 0 0 0 -1 0 0 -1 0 0 0 0 0 0 0 0 0 1 -1 -1 0 0 0 0 0 -1 0 0 0 0 0 0 0 1 0 0 1 0 0 0 0 0 0 1 -1 0 0 0 0 0 1 0 0 0 0 -1 1 0 1 0 0 0 0 0 0 0 0 0 0 1 0 0 1 0 0 0 0 0 0 0 -1 0 0 0 0 0 0 0 0 0 -1 0 0 0 0 0 0 0 0 1 0 0 0 0 -1 0 0 0 0 1 0 0 0 0 0 1 0 0 0 0 -1 0 0 0 0 0 0 0 0 1 0 0 0 0 0 0 0 0 0 0 0 0 0 0 0 0 0 0 1 0 -1 0 0 1 0 0 0
0 0 0
1 0 0
2 0 -1
2 1 0
1 1 0
0 1 0
0 2 0
0 3 -1
0 4 0
63 4 0
63 5 0
63 6 0
63 7 0
0 7 -1
0 6 0
1 6 1
2 6 0
2 7 0
3 7 0
4 7 0
4 8 0
4 9 1
4 10 0
3 10 0
3 9 0
3 8 0
2 8 0
2 9 0
2 10 0
1 10 1
1 9 0
1 8 0
0 8 0
63 8 0
63 9 1
0 9 0
0 10 0
63 10 0
62 10 1
62 9 -1
61 9 -1
60 9 0
59 9 0
59 8 0
58 8 0
57 8 0
57 9 0
56 9 0
56 8 0
55 8 0
54 8 0
54 7 0
55 7 0
56 7 0
57 7 -1
58 7 0
59 7 0
60 7 -1
60 8 0
61 8 0
62 8 1
62 7 -1
61 7 0
61 6 0
61 5 0
60 5 0
59 5 0
59 6 0
58 6 0
57 6 1
57 5 0
56 5 0
56 6 0
55 6 0
54 6 0
54 5 0
55 5 0
55 4 1
56 4 1
56 3 -1
57 3 0
57 4 0
58 4 0
59 4 0
60 4 0
60 3 0
61 3 0
61 2 0
61 1 0
61 0 0
61 63 0
61 62 0
60 62 0
60 61 0
59 61 0
58 61 0
57 61 0
57 60 0
57 59 0
57 58 0
57 57 1
58 57 1
58 56 0
59 56 0
59 57 -1
59 58 0
58 58 0
58 59 0
59 59 0
60 59 0
61 59 0
61 60 0
61 61 0
62 61 0
62 60 0
62 59 0
62 58 0
61 58 0
60 58 -1
60 57 1
60 56 1
61 56 0
62 56 0
62 55 0
62 54 0
61 54 0
61 53 1
60 53 0
60 54 1
60 55 -1
59 55 0
58 55 0
57 55 0
57 56 -1
56 56 0
56 57 -1
55 57 1
55 56 0
54 56 0
54 57 -1
54 58 0
55 58 0
56 58 0
56 59 0
55 59 0
54 59 1
53 59 0
53 60 0
52 60 0
51 60 0
50 60 0
50 61 0
50 62 0
50 63 0
51 63 0
51 62 -1
52 62 0
53 62 0
53 63 0
53 0 0
54 0 0
54 1 0
54 2 0
54 3 0
54 4 0
53 4 0
52 4 0
52 5 0
53 5 0
53 6 1
52 6 0
51 6 0
51 7 0
52 7 0
53 7 -1
53 8 0
53 9 1
53 10 0
52 10 0
52 9 -1
52 8 1
51 8 -1
50 8 0
49 8 0
48 8 0
48 7 0
49 7 0
50 7 0
50 6 0
49 6 0
48 6 0
47 6 0
46 6 0
45 6 0
45 5 0
46 5 1
46 4 1
45 4 0
44 4 0
43 4 1
43 3 1
44 3 0
45 3 0
45 2 0
44 2 0
43 2 -1
43 1 0
43 0 0
44 0 0
44 1 0
45 1 0
46 1 0
46 2 0
46 3 -1
47 3 0
47 4 0
47 5 0
48 5 0
48 4 0
49 4 0
49 5 0
50 5 0
50 4 0
50 3 0
50 2 0
50 1 0
49 1 -1
49 2 1
49 3 1
48 3 0
48 2 0
47 2 0
47 1 0
48 1 0
48 0 0
49 0 1
49 63 1
49 62 0
48 62 0
48 63 0
47 63 0
47 0 0
46 0 1
46 63 0
46 62 0
47 62 0
47 61 0
47 60 0
47 59 0
46 59 0
46 60 0
46 61 0
45 61 0
45 62 0
45 63 0
44 63 0
44 62 0
44 61 0
43 61 0
42 61 0
42 60 0
42 59 0
41 59 0
41 60 0
41 61 1
41 62 0
42 62 0
42 63 0
41 63 0
41 0 0
41 1 0
41 2 0
42 2 0
42 3 -1
42 4 0
41 4 0
40 4 0
39 4 -1
38 4 0
38 3 0
39 3 0
39 2 0
40 2 0
40 1 0
40 0 0
39 0 0
39 1 0
38 1 0
38 0 0
38 63 0
39 63 0
40 63 0
40 62 1
40 61 -1
39 61 0
39 62 -1
38 62 0
37 62 -1
37 61 -1
37 60 0
38 60 0
39 60 0
40 60 1
40 59 1
39 59 0
38 59 0
38 58 0
39 58 0
40 58 -1
41 58 0
41 57 0
41 56 0
40 56 0
40 57 1
39 57 -1
39 56 0
38 56 1
38 57 0
37 57 0
37 56 -1
37 55 0
37 54 0
36 54 0
35 54 0
35 53 0
35 52 -1
35 51 0
34 51 0
33 51 0
33 52 0
34 52 0
34 53 0
34 54 0
33 54 0
33 55 0
32 55 0
32 54 0
32 53 0
31 53 0
31 54 0
31 55 0
30 55 0
30 54 1
29 54 0
29 55 0
28 55 1
28 54 -1
27 54 0
27 55 0
26 55 0
26 56 0
27 56 0
27 57 0
27 58 0
26 58 0
25 58 0
25 59 0
26 59 1
27 59 -1
28 59 0
28 58 0
28 57 0
28 56 0
29 56 0
29 57 0
29 58 -1
30 58 -1
30 57 0
31 57 0
31 56 0
32 56 1
32 57 0
33 57 0
33 56 0
34 56 0
34 55 -1
35 55 0
36 55 1
36 56 1
35 56 -1
35 57 0
34 57 0
34 58 0
33 58 0
33 59 0
34 59 0
34 60 0
34 61 0
35 61 1
35 60 0
36 60 0
36 61 0
36 62 0
35 62 0
35 63 0
34 63 0
33 63 0
32 63 0
31 63 0
31 62 0
32 62 0
33 62 0
33 61 1
33 60 0
32 60 0
32 61 -1
31 61 0
31 60 1
30 60 0
30 59 0
29 59 0
29 60 0
29 61 0
30 61 0
30 62 0
30 63 0
30 0 0
29 0 0
29 1 0
28 1 0
28 0 0
28 63 0
29 63 1
29 62 0
28 62 0
28 61 1
28 60 0
27 60 1
26 60 0
26 61 -1
27 61 -1
27 62 0
26 62 0
26 63 0
26 0 -1
27 0 0
27 1 0
26 1 1
25 1 0
25 0 1
25 63 0
24 63 0
24 62 0
25 62 0
25 61 1
25 60 -1
24 60 0
24 59 0
23 59 0
23 60 0
23 61 0
22 61 0
21 61 0
21 62 0
22 62 0
23 62 0
23 63 0
22 63 0
21 63 0
21 0 0
20 0 0
20 63 0
19 63 0
19 0 1
19 1 0
19 2 0
20 2 0
21 2 0
21 1 0
22 1 0
23 1 0
23 0 0
24 0 -1
24 1 0
24 2 0
25 2 0
26 2 0
26 3 1
25 3 0
25 4 0
24 4 0
24 5 0
24 6 0
25 6 0
25 5 0
26 5 0
26 4 0
27 4 0
27 3 -1
27 2 0
28 2 0
28 3 0
29 3 0
29 2 0
30 2 0
30 1 0
31 1 0
31 0 0
32 0 0
32 1 0
32 2 0
31 2 1
31 3 1
32 3 0
33 3 1
34 3 0
34 2 -1
33 2 0
33 1 0
33 0 0
34 0 0
35 0 0
36 0 -1
36 63 0
37 63 0
37 0 1
37 1 0
36 1 1
36 2 0
37 2 0
37 3 0
37 4 0
37 5 0
38 5 0
39 5 1
40 5 0
40 6 0
39 6 -1
39 7 0
39 8 -1
40 8 0
40 7 0
41 7 -1
41 6 0
41 5 0
42 5 0
43 5 -1
44 5 0
44 6 -1
44 7 0
45 7 0
45 8 0
44 8 0
43 8 0
43 9 0
43 10 0
42 10 -1
41 10 0
41 11 0
40 11 0
40 12 0
40 13 0
39 13 0
39 14 0
40 14 0
41 14 0
41 13 1
42 13 0
42 12 0
42 11 1
43 11 -1
44 11 0
44 10 0
44 9 0
45 9 0
46 9 0
47 9 0
47 10 0
48 10 0
48 11 0
49 11 0
50 11 -1
50 10 0
49 10 0
49 9 0
50 9 0
51 9 0
51 10 1
51 11 0
51 12 0
52 12 0
53 12 0
53 11 0
54 11 0
54 10 0
54 9 0
55 9 0
55 10 -1
55 11 0
56 11 0
56 10 0
57 10 0
57 11 0
57 12 0
56 12 0
56 13 0
57 13 0
57 14 0
56 14 0
55 14 1
55 13 -1
55 12 0
54 12 0
54 13 0
54 14 -1
54 15 0
55 15 0
56 15 0
56 16 0
56 17 0
56 18 0
55 18 1
55 19 0
54 19 0
54 18 -1
53 18 0
53 17 0
52 17 0
51 17 0
51 18 0
50 18 -1
49 18 0
48 18 0
48 19 -1
48 20 0
47 20 0
47 19 0
47 18 0
47 17 0
47 16 0
47 15 0
48 15 0
49 15 0
50 15 0
50 14 0
50 13 0
50 12 1
49 12 0
49 13 0
49 14 0
48 14 0
47 14 0
46 14 0
46 15 0
46 16 0
45 16 0
45 17 0
46 17 0
46 18 0
45 18 0
45 19 0
44 19 0
44 20 0
43 20 0
43 21 0
43 22 0
42 22 1
41 22 0
41 21 0
42 21 0
42 20 0
41 20 0
41 19 0
42 19 -1
42 18 0
42 17 0
43 17 -1
43 18 0
44 18 0
44 17 1
44 16 0
43 16 0
42 16 0
42 15 0
41 15 0
41 16 0
41 17 0
41 18 0
40 18 0
40 17 1
39 17 -1
38 17 0
38 18 -1
37 18 0
36 18 0
36 17 0
36 16 1
37 16 0
38 16 1
39 16 0
39 15 0
38 15 -1
38 14 1
37 14 0
37 15 0
36 15 -1
35 15 0
35 16 -1
35 17 0
35 18 0
35 19 0
34 19 0
34 18 1
33 18 0
33 17 0
34 17 0
34 16 1
33 16 0
32 16 0
32 15 0
32 14 0
33 14 0
34 14 0
34 13 0
35 13 0
35 14 0
36 14 0
36 13 0
37 13 0
38 13 0
38 12 0
39 12 1
39 11 0
38 11 1
38 10 0
38 9 0
38 8 0
38 7 0
37 7 0
37 8 0
37 9 0
37 10 0
36 10 0
36 9 0
36 8 -1
35 8 0
35 7 0
34 7 0
33 7 0
33 6 0
34 6 0
35 6 -1
36 6 0
36 5 0
35 5 1
35 4 -1
34 4 0
34 5 0
33 5 -1
32 5 0
32 4 0
31 4 -1
31 5 0
30 5 -1
30 4 0
29 4 0
29 5 0
29 6 0
29 7 0
30 7 0
31 7 0
31 6 0
32 6 0
32 7 0
32 8 -1
32 9 0
32 10 0
33 10 -1
34 10 1
35 10 0
35 11 -1
34 11 0
33 11 1
33 12 0
33 13 1
32 13 0
31 13 0
31 12 0
32 12 0
32 11 0
31 11 0
31 10 -1
30 10 1
30 11 0
29 11 -1
29 10 0
29 9 0
30 9 0
31 9 0
31 8 1
30 8 0
29 8 0
28 8 0
28 7 0
27 7 0
27 8 0
27 9 0
28 9 0
28 10 0
27 10 0
27 11 -1
28 11 0
28 12 0
29 12 1
30 12 0
30 13 0
29 13 -1
28 13 0
27 13 -1
27 12 1
26 12 0
26 11 0
26 10 0
26 9 0
26 8 -1
25 8 0
25 7 0
24 7 0
23 7 1
22 7 0
21 7 0
21 6 0
22 6 0
23 6 0
23 5 0
23 4 1
22 4 -1
22 5 0
21 5 1
20 5 0
20 4 0
21 4 1
21 3 0
20 3 0
19 3 1
19 4 0
19 5 0
18 5 0
18 4 0
18 3 -1
17 3 -1
17 2 0
18 2 0
18 1 -1
18 0 -1
17 0 0
17 1 0
16 1 -1
16 0 0
15 0 0
15 63 0
14 63 0
13 63 0
13 0 0
14 0 0
14 1 0
15 1 0
15 2 0
16 2 0
16 3 1
16 4 0
17 4 0
17 5 0
17 6 0
16 6 0
16 5 0
15 5 0
15 4 0
14 4 0
14 3 -1
13 3 0
12 3 1
11 3 0
11 4 -1
12 4 -1
12 5 0
11 5 0
10 5 0
10 6 0
10 7 0
9 7 0
9 6 0
9 5 0
8 5 0
8 6 0
8 7 0
8 8 0
9 8 1
10 8 0
10 9 0
9 9 0
9 10 1
9 11 0
8 11 0
7 11 0
7 12 0
7 13 0
7 14 0
7 15 0
6 15 -1
6 16 0
5 16 0
5 15 0
4 15 0
3 15 0
2 15 -1
2 14 0
1 14 0
1 13 0
1 12 0
2 12 0
3 12 0
3 11 0
2 11 1
1 11 -1
0 11 0
0 12 0
0 13 0
63 13 0
63 14 0
62 14 0
61 14 0
60 14 0
60 13 0
59 13 0
58 13 0
58 14 0
59 14 0
59 15 0
59 16 0
58 16 0
58 15 0
57 15 0
57 16 0
57 17 0
58 17 0
59 17 0
60 17 0
61 17 0
61 16 0
60 16 0
60 15 0
61 15 -1
62 15 0
62 16 0
62 17 0
63 17 0
63 18 0
63 19 0
62 19 0
62 20 0
63 20 0
0 20 0
0 21 0
0 22 0
63 22 0
62 22 0
62 23 0
63 23 0
0 23 0
0 24 0
0 25 0
63 25 1
63 26 0
62 26 1
62 25 0
62 24 1
61 24 0
61 25 0
60 25 0
59 25 0
58 25 0
58 24 0
58 23 -1
59 23 0
60 23 1
61 23 0
61 22 0
60 22 0
59 22 0
58 22 1
57 22 0
57 21 0
58 21 0
59 21 -1
59 20 0
60 20 0
60 21 1
61 21 0
61 20 0
61 19 0
60 19 0
60 18 0
59 18 0
59 19 0
58 19 0
57 19 0
57 20 0
56 20 0
55 20 0
54 20 0
53 20 0
52 20 -1
52 19 0
51 19 0
51 20 1
50 20 0
50 19 0
49 19 1
49 20 1
49 21 0
49 22 1
49 23 1
48 23 0
47 23 0
46 23 0
46 24 0
45 24 0
44 24 0
44 23 0
43 23 0
42 23 -1
42 24 0
43 24 0
43 25 0
44 25 0
45 25 -1
45 26 0
46 26 1
47 26 0
47 25 -1
48 25 0
48 26 0
49 26 0
49 25 0
49 24 0
50 24 0
50 23 -1
51 23 0
51 24 -1
52 24 0
53 24 0
54 24 0
54 23 0
53 23 0
52 23 -1
52 22 1
52 21 1
53 21 -1
54 21 0
54 22 0
55 22 0
55 21 0
56 21 0
56 22 1
56 23 0
57 23 0
57 24 1
57 25 1
57 26 0
57 27 0
56 27 0
56 26 0
55 26 0
55 27 0
54 27 0
53 27 0
53 28 0
54 28 0
55 28 0
55 29 0
56 29 1
57 29 0
58 29 0
59 29 0
60 29 0
60 28 0
61 28 0
61 27 0
62 27 -1
62 28 0
62 29 0
62 30 0
62 31 0
62 32 -1
63 32 0
0 32 0
0 33 0
63 33 0
62 33 1
61 33 0
61 32 0
61 31 0
60 31 0
60 30 0
59 30 0
59 31 0
58 31 0
57 31 0
56 31 0
56 32 0
55 32 0
54 32 0
54 33 1
53 33 0
52 33 1
52 34 0
52 35 0
52 36 0
53 36 0
53 35 1
53 34 0
54 34 -1
54 35 0
54 36 0
54 37 0
54 38 0
55 38 1
55 37 0
55 36 -1
55 35 0
55 34 1
55 33 0
56 33 0
56 34 -1
57 34 0
57 35 -1
57 36 0
58 36 0
59 36 0
59 37 0
59 38 0
58 38 0
58 37 0
57 37 1
56 37 0
56 38 -1
56 39 0
56 40 0
57 40 -1
57 41 0
58 41 -1
58 40 1
58 39 0
59 39 -1
59 40 -1
60 40 -1
60 41 0
60 42 0
61 42 0
61 41 0
61 40 0
61 39 0
60 39 1
60 38 0
60 37 1
60 36 0
60 35 -1
61 35 0
61 34 0
62 34 -1
63 34 0
0 34 0
0 35 0
0 36 0
0 37 0
0 38 0
63 38 0
63 37 1
63 36 0
63 35 0
62 35 1
62 36 0
62 37 0
61 37 0
61 38 0
62 38 0
62 39 0
63 39 0
63 40 0
62 40 0
62 41 0
63 41 0
0 41 -1
0 42 0
63 42 0
62 42 0
62 43 0
61 43 0
60 43 0
60 44 -1
61 44 0
61 45 0
62 45 0
62 44 0
63 44 -1
0 44 0
0 45 0
0 46 0
1 46 0
1 45 0
1 44 0
2 44 -1
2 43 0
2 42 0
1 42 0
1 41 1
1 40 1
0 40 0
0 39 0
1 39 0
1 38 0
2 38 0
2 39 0
2 40 0
2 41 0
3 41 0
3 42 0
4 42 0
4 43 0
3 43 1
3 44 1
3 45 0
4 45 0
5 45 0
5 44 -1
5 43 0
5 42 0
6 42 0
6 43 0
6 44 1
7 44 0
7 43 0
7 42 0
8 42 0
8 41 1
9 41 0
9 42 0
9 43 0
8 43 0
8 44 0
9 44 0
9 45 1
10 45 1
11 45 0
11 44 1
10 44 0
10 43 0
10 42 0
11 42 0
11 41 0
12 41 0
12 42 0
12 43 0
12 44 0
12 45 0
12 46 0
11 46 0
10 46 0
9 46 -1
8 46 -1
7 46 0
7 45 -1
6 45 0
6 46 0
6 47 0
5 47 0
5 46 0
4 46 0
4 47 0
4 48 0
3 48 -1
3 49 0
3 50 0
4 50 0
5 50 0
6 50 0
6 49 0
6 48 0
7 48 -1
7 47 0
8 47 0
9 47 1
9 48 0
10 48 0
10 47 -1
11 47 0
11 48 -1
12 48 0
13 48 0
13 49 0
13 50 0
12 50 0
12 51 0
12 52 0
11 52 0
10 52 0
10 51 0
11 51 0
11 50 0
11 49 1
10 49 0
9 49 0
8 49 0
8 50 0
8 51 1
8 52 0
8 53 0
8 54 0
7 54 1
7 53 0
7 52 -1
7 51 -1
6 51 0
6 52 1
6 53 0
6 54 0
5 54 0
5 53 0
5 52 -1
4 52 0
4 53 0
4 54 0
3 54 0
2 54 0
1 54 0
1 53 0
2 53 0
3 53 0
3 52 -1
2 52 0
1 52 0
0 52 -1
63 52 0
62 52 0
61 52 -1
60 52 0
59 52 -1
59 53 0
59 54 0
58 54 0
58 53 -1
58 52 1
57 52 0
57 51 0
56 51 0
56 50 0
56 49 0
56 48 0
55 48 0
55 49 -1
55 50 0
55 51 0
55 52 0
56 52 -1
56 53 0
57 53 0
57 54 0
56 54 0
56 55 1
55 55 1
55 54 0
54 54 0
54 53 0
54 52 0
53 52 0
52 52 0
52 51 0
52 50 0
53 50 0
53 51 0
54 51 0
54 50 0
54 49 1
54 48 -1
54 47 0
54 46 1
54 45 0
55 45 0
56 45 0
57 45 0
58 45 0
59 45 0
59 44 1
59 43 -1
58 43 0
57 43 0
57 44 0
56 44 0
55 44 0
55 43 -1
56 43 0
56 42 0
55 42 1
55 41 1
55 40 0
55 39 0
54 39 0
54 40 0
53 40 0
53 39 0
53 38 0
53 37 0
52 37 0
52 38 0
51 38 0
51 37 0
51 36 1
51 35 -1
51 34 0
51 33 0
51 32 -1
51 31 0
50 31 0
50 30 0
49 30 -1
49 29 0
50 29 0
51 29 -1
51 30 0
52 30 0
53 30 0
53 31 0
54 31 0
55 31 0
55 30 0
54 30 0
54 29 0
53 29 1
52 29 1
52 28 1
52 27 0
51 27 1
50 27 -1
49 27 0
48 27 0
47 27 0
46 27 0
45 27 0
44 27 1
43 27 0
43 26 0
42 26 0
42 27 0
41 27 0
41 28 0
42 28 0
42 29 -1
42 30 0
41 30 0
41 29 0
40 29 0
40 28 1
39 28 0
39 27 0
40 27 -1
40 26 1
39 26 0
39 25 -1
40 25 0
41 25 -1
41 24 0
41 23 1
40 23 -1
40 22 0
39 22 0
38 22 0
38 21 0
39 21 0
40 21 0
40 20 0
39 20 0
39 19 0
38 19 1
37 19 0
36 19 0
36 20 0
36 21 0
36 22 0
37 22 -1
37 23 0
37 24 0
37 25 0
36 25 0
36 26 0
36 27 0
36 28 0
37 28 0
37 27 0
38 27 0
38 28 0
38 29 0
38 30 -1
38 31 0
38 32 0
39 32 0
39 31 -1
39 30 0
40 30 0
40 31 1
41 31 0
42 31 0
43 31 1
43 30 -1
43 29 0
43 28 0
44 28 -1
44 29 0
45 29 0
45 28 0
46 28 -1
46 29 1
47 29 0
48 29 0
48 30 1
48 31 0
49 31 0
49 32 0
49 33 0
49 34 0
49 35 0
49 36 0
48 36 0
48 35 1
47 35 0
47 34 -1
48 34 0
48 33 1
47 33 0
46 33 0
46 34 1
46 35 0
45 35 0
45 34 -1
45 33 0
45 32 0
46 32 0
47 32 0
47 31 1
47 30 0
46 30 -1
46 31 0
45 31 0
45 30 0
44 30 0
44 31 -1
44 32 0
43 32 -1
43 33 0
43 34 0
42 34 0
42 35 0
43 35 0
43 36 0
43 37 0
44 37 0
44 38 -1
43 38 0
43 39 0
42 39 0
42 38 1
42 37 0
42 36 0
41 36 0
40 36 0
40 37 0
40 38 0
41 38 0
41 39 0
41 40 0
41 41 0
42 41 0
42 40 0
43 40 0
43 41 0
43 42 0
43 43 0
43 44 0
42 44 0
41 44 0
41 45 0
42 45 0
43 45 -1
44 45 0
44 44 0
44 43 0
45 43 0
45 42 -1
44 42 0
44 41 0
44 40 0
44 39 0
45 39 0
45 38 1
45 37 0
45 36 0
46 36 0
46 37 0
47 37 0
48 37 -1
49 37 0
50 37 0
50 38 0
49 38 0
48 38 0
48 39 1
47 39 0
47 38 0
46 38 -1
46 39 0
46 40 0
45 40 0
45 41 1
46 41 0
47 41 0
48 41 0
48 40 0
49 40 0
49 39 0
50 39 0
51 39 0
51 40 0
52 40 0
52 41 0
53 41 0
54 41 0
54 42 0
54 43 1
53 43 0
53 42 0
52 42 0
52 43 0
51 43 -1
50 43 0
49 43 0
49 44 0
50 44 0
50 45 0
50 46 0
51 46 0
51 47 0
51 48 0
51 49 0
51 50 0
50 50 0
50 51 0
51 51 0
51 52 0
51 53 0
52 53 0
53 53 0
53 54 0
52 54 0
51 54 0
51 55 0
51 56 0
52 56 0
52 55 -1
53 55 0
53 56 0
53 57 0
53 58 0
52 58 0
52 59 0
51 59 -1
51 58 0
50 58 0
49 58 0
48 58 0
47 58 0
46 58 0
46 57 0
47 57 0
47 56 0
47 55 0
47 54 -1
48 54 0
48 53 1
49 53 0
49 52 -1
48 52 -1
48 51 -1
47 51 0
47 50 0
46 50 0
46 49 -1
47 49 0
48 49 0
48 50 1
49 50 0
49 49 0
49 48 0
49 47 0
49 46 -1
49 45 0
48 45 -1
47 45 0
46 45 0
46 46 0
47 46 0
47 47 0
48 47 1
48 48 0
47 48 0
46 48 1
45 48 0
45 47 0
44 47 0
44 46 0
43 46 0
42 46 0
42 47 0
43 47 0
43 48 0
44 48 0
44 49 0
44 50 0
43 50 0
42 50 0
42 49 0
41 49 0
41 50 0
40 50 0
40 49 0
40 48 0
41 48 0
41 47 0
41 46 0
40 46 0
40 47 0
39 47 0
39 46 0
39 45 0
38 45 0
38 46 0
38 47 0
38 48 0
37 48 0
36 48 0
35 48 0
35 47 1
36 47 0
37 47 0
37 46 0
37 45 0
36 45 0
35 45 0
34 45 0
33 45 0
33 44 0
32 44 0
32 45 0
31 45 0
31 46 1
30 46 0
29 46 0
28 46 0
27 46 0
27 47 0
26 47 0
26 46 0
26 45 0
27 45 0
28 45 0
28 44 0
28 43 0
28 42 -1
28 41 0
29 41 0
29 42 1
29 43 0
29 44 0
29 45 0
30 45 0
30 44 0
30 43 0
30 42 -1
30 41 0
31 41 0
31 42 1
31 43 1
32 43 0
32 42 0
33 42 0
33 43 0
34 43 0
34 44 0
35 44 0
35 43 0
35 42 -1
36 42 0
37 42 0
37 41 0
38 41 0
38 42 0
38 43 0
37 43 0
36 43 0
36 44 0
37 44 0
38 44 0
39 44 1
39 43 0
40 43 0
40 42 0
39 42 0
39 41 1
40 41 0
40 40 0
40 39 0
39 39 0
38 39 0
38 40 -1
37 40 0
36 40 0
36 41 -1
35 41 1
34 41 0
34 40 0
35 40 -1
35 39 1
36 39 0
37 39 0
37 38 1
36 38 0
35 38 -1
35 37 0
36 37 0
36 36 0
37 36 0
37 37 -1
38 37 0
38 36 0
38 35 0
38 34 1
39 34 -1
39 35 -1
40 35 0
40 34 1
41 34 0
41 33 0
42 33 0
42 32 0
41 32 -1
40 32 -1
40 33 0
39 33 1
38 33 -1
37 33 0
36 33 0
36 34 0
37 34 0
37 35 0
36 35 0
35 35 0
35 36 0
34 36 0
34 35 0
34 34 0
33 34 0
32 34 0
32 35 0
33 35 0
33 36 1
32 36 0
32 37 0
33 37 0
33 38 0
34 38 0
34 39 0
33 39 0
32 39 0
32 38 0
31 38 0
31 39 0
30 39 0
29 39 1
28 39 -1
27 39 0
26 39 0
26 40 -1
25 40 0
25 41 0
26 41 0
27 41 0
27 42 1
27 43 0
27 44 0
26 44 0
26 43 0
26 42 0
25 42 0
25 43 0
24 43 0
24 42 0
24 41 0
23 41 0
23 42 1
23 43 0
23 44 0
22 44 0
22 43 0
22 42 -1
22 41 1
21 41 0
21 42 0
21 43 0
21 44 0
20 44 0
20 43 0
20 42 1
19 42 0
19 41 0
19 40 0
19 39 0
18 39 0
18 38 0
18 37 0
18 36 0
19 36 0
19 37 0
19 38 0
20 38 0
20 39 -1
21 39 0
21 38 0
21 37 0
21 36 -1
21 35 0
22 35 0
22 34 0
23 34 0
23 35 0
24 35 1
25 35 0
25 36 0
24 36 0
24 37 1
23 37 0
23 36 1
22 36 0
22 37 0
22 38 0
23 38 0
24 38 -1
25 38 0
25 37 0
26 37 0
27 37 0
27 38 0
28 38 1
29 38 0
30 38 0
30 37 0
29 37 1
29 36 0
30 36 -1
31 36 0
31 35 0
30 35 1
29 35 -1
29 34 0
29 33 0
28 33 0
27 33 0
27 34 0
28 34 0
28 35 1
27 35 0
26 35 0
26 34 0
25 34 0
24 34 -1
24 33 0
25 33 -1
26 33 0
26 32 -1
27 32 0
27 31 0
27 30 0
27 29 -1
28 29 0
28 30 0
29 30 -1
29 29 0
30 29 0
30 30 0
30 31 0
29 31 0
28 31 0
28 32 0
29 32 0
30 32 0
30 33 0
31 33 0
31 32 0
31 31 0
32 31 0
33 31 0
33 30 0
32 30 -1
31 30 0
31 29 0
31 28 0
32 28 0
32 29 0
33 29 0
33 28 0
33 27 0
34 27 0
34 28 0
34 29 0
35 29 0
35 28 0
35 27 0
35 26 -1
35 25 0
35 24 0
35 23 0
35 22 0
35 21 0
34 21 0
34 20 0
33 20 0
32 20 0
32 21 0
33 21 0
33 22 0
34 22 0
34 23 0
34 24 0
33 24 0
33 25 0
32 25 0
31 25 0
30 25 1
29 25 0
29 24 0
29 23 0
29 22 0
29 21 0
28 21 0
28 20 0
29 20 0
30 20 0
30 19 0
31 19 0
32 19 0
32 18 1
32 17 0
31 17 0
30 17 0
29 17 0
28 17 0
28 18 0
28 19 0
27 19 0
26 19 0
26 20 0
25 20 0
24 20 0
23 20 0
23 19 0
24 19 0
25 19 0
25 18 0
26 18 0
26 17 -1
26 16 0
25 16 0
24 16 0
23 16 0
23 15 0
22 15 0
22 16 0
21 16 0
21 15 0
21 14 0
21 13 0
22 13 0
23 13 0
23 14 0
24 14 -1
25 14 1
26 14 1
26 13 0
25 13 0
24 13 0
24 12 0
24 11 0
25 11 0
25 10 0
25 9 0
24 9 0
24 8 0
23 8 -1
23 9 0
22 9 0
22 8 1
21 8 -1
20 8 0
20 7 -1
20 6 -1
19 6 -1
18 6 0
18 7 -1
17 7 0
16 7 0
15 7 0
15 6 0
14 6 0
14 5 0
13 5 0
13 6 0
12 6 0
11 6 0
11 7 0
12 7 0
13 7 0
13 8 0
14 8 0
15 8 0
15 9 -1
16 9 0
16 8 0
17 8 0
18 8 1
18 9 0
17 9 0
17 10 0
16 10 0
15 10 1
15 11 0
14 11 0
14 12 0
15 12 0
16 12 0
17 12 0
17 11 1
18 11 0
18 10 0
19 10 0
19 9 0
20 9 0
20 10 0
20 11 0
20 12 0
19 12 0
19 13 0
18 13 0
18 14 0
17 14 0
17 13 0
16 13 0
16 14 0
16 15 0
16 16 -1
16 17 0
16 18 0
17 18 0
17 17 0
17 16 0
17 15 0
18 15 0
18 16 0
19 16 0
19 17 0
19 18 0
19 19 0
19 20 0
19 21 0
19 22 1
19 23 0
19 24 0
20 24 0
20 23 -1
20 22 -1
21 22 0
21 23 0
21 24 0
21 25 0
21 26 0
22 26 0
22 27 0
21 27 0
21 28 0
20 28 0
19 28 0
18 28 1
18 27 0
17 27 0
17 28 0
16 28 0
16 27 0
16 26 0
17 26 0
17 25 0
18 25 0
18 24 0
17 24 0
17 23 0
18 23 0
18 22 -1
18 21 0
17 21 0
17 20 0
16 20 0
16 21 -1
15 21 0
15 20 -1
14 20 0
14 19 0
15 19 0
15 18 0
15 17 0
15 16 1
14 16 0
14 17 0
14 18 0
13 18 0
12 18 0
11 18 0
10 18 1
10 17 0
11 17 0
12 17 0
12 16 0
11 16 0
10 16 0
9 16 1
9 17 0
9 18 -1
9 19 1
10 19 0
11 19 0
12 19 0
13 19 0
13 20 0
13 21 0
14 21 0
14 22 1
15 22 0
16 22 0
16 23 0
15 23 0
15 24 0
14 24 1
14 23 -1
13 23 0
12 23 1
12 22 0
12 21 1
11 21 0
11 22 0
11 23 0
10 23 0
10 24 0
10 25 1
11 25 0
11 24 -1
12 24 0
13 24 0
13 25 0
14 25 -1
15 25 0
15 26 0
15 27 0
15 28 0
14 28 0
14 27 0
14 26 1
13 26 0
13 27 0
12 27 0
12 28 0
13 28 0
13 29 0
12 29 -1
12 30 0
11 30 0
10 30 0
10 31 0
10 32 0
11 32 1
11 31 0
12 31 0
13 31 0
13 32 0
12 32 0
12 33 0
12 34 0
12 35 1
12 36 0
11 36 0
11 35 0
11 34 0
11 33 0
10 33 0
10 34 0
9 34 0
9 33 0
9 32 0
8 32 0
8 31 0
8 30 1
8 29 0
8 28 0
9 28 0
10 28 0
10 29 0
11 29 0
11 28 0
11 27 0
11 26 0
10 26 0
9 26 0
9 25 -1
8 25 0
8 24 0
7 24 0
6 24 0
5 24 0
5 25 -1
6 25 0
7 25 0
7 26 0
6 26 0
5 26 1
5 27 0
6 27 0
6 28 0
7 28 -1
7 29 0
6 29 0
5 29 -1
5 28 0
4 28 0
4 27 0
4 26 -1
3 26 0
3 27 0
2 27 0
1 27 0
1 26 0
0 26 1
0 27 0
63 27 1
63 28 0
0 28 0
0 29 1
63 29 0
63 30 0
63 31 0
0 31 0
0 30 0
1 30 0
1 29 0
2 29 0
3 29 0
4 29 1
4 30 1
5 30 1
6 30 0
7 30 0
7 31 0
6 31 0
5 31 -1
5 32 0
6 32 0
7 32 0
7 33 -1
6 33 0
6 34 0
6 35 0
5 35 0
4 35 0
4 36 0
5 36 0
6 36 0
6 37 0
6 38 0
6 39 0
5 39 0
5 40 0
6 40 0
6 41 0
7 41 0
7 40 0
7 39 0
8 39 0
8 38 0
8 37 0
9 37 0
10 37 -1
11 37 0
11 38 0
12 38 0
12 39 0
13 39 0
13 40 0
13 41 0
13 42 -1
13 43 1
14 43 0
14 44 0
13 44 0
13 45 0
14 45 -1
14 46 0
13 46 0
13 47 -1
14 47 0
14 48 0
14 49 0
15 49 0
15 48 0
15 47 0
15 46 0
16 46 0
16 45 0
15 45 1
15 44 -1
15 43 -1
15 42 0
14 42 0
14 41 0
15 41 0
15 40 0
14 40 -1
14 39 0
14 38 0
13 38 0
13 37 0
13 36 0
13 35 0
13 34 0
13 33 1
14 33 0
14 32 0
14 31 1
14 30 0
15 30 0
15 31 0
16 31 0
16 30 0
17 30 0
17 29 1
18 29 -1
19 29 0
20 29 0
21 29 0
22 29 0
22 28 0
23 28 1
24 28 0
25 28 0
25 29 0
26 29 0
26 30 -1
26 31 1
25 31 0
25 32 1
24 32 0
23 32 0
22 32 0
22 33 0
21 33 0
20 33 0
20 32 0
20 31 0
20 30 0
19 30 0
18 30 1
18 31 0
17 31 0
17 32 1
18 32 0
19 32 0
19 33 0
18 33 0
17 33 0
16 33 0
16 32 0
15 32 -1
15 33 0
15 34 0
15 35 0
15 36 0
14 36 0
14 37 0
15 37 0
15 38 0
16 38 0
17 38 -1
17 39 0
16 39 0
16 40 0
17 40 0
17 41 0
16 41 0
16 42 0
16 43 0
16 44 1
17 44 0
18 44 0
18 45 0
19 45 0
19 46 -1
18 46 0
17 46 0
17 47 0
18 47 0
19 47 1
19 48 0
20 48 0
21 48 0
21 47 0
20 47 0
20 46 1
21 46 0
22 46 0
22 47 0
23 47 0
24 47 -1
24 46 0
23 46 0
23 45 0
24 45 0
24 44 0
25 44 0
25 45 0
25 46 0
25 47 1
25 48 0
25 49 0
25 50 0
26 50 0
26 49 0
26 48 0
27 48 0
28 48 0
28 47 0
29 47 0
29 48 0
29 49 0
28 49 0
27 49 0
27 50 0
27 51 0
27 52 0
27 53 0
28 53 1
29 53 0
30 53 -1
30 52 0
30 51 0
29 51 1
29 52 0
28 52 0
28 51 0
166
