64 64 0 0 -1 0 0 0 0 -1 0 0 0 0 0 -1 0 1 0 0 0 0 0 1 0 0 0 0 0 0 0 1 0 0 0 0 1 0 0 0 1 -1 -1 0 0 0 0 0 0 0 0 0 0 0 0 0 -1 0 0 -1 0 0 1 -1 0 0 0 0 0 0 0 1 0 0 0 0 0 0 0 1 1 -1 0 0 0 0 0 0 0 0 0 0 0 0 0 0 0 0 0 0 0 0 1 1 0 0 -1 0 0 0 0 0 0 0 0 0 0 0 0 0 -1 1 1 0 0 0 0 0 1 0 1 -1 0 0 0 -1 0 -1 1 0 0 -1 0 0 0 0 0 1 0 0 0 0 0 0 0 0 0 -1 0 0 0 0 0 0 0 0 0 0 0 0 0 1 0 0 0 0 -1 0 1 0 0 -1 1 -1 0 0 0 0 0 0 0 0 0 0 0 0 0 1 1 0 0 1 1 0 0 0 0 -1 0 0 0 0 0 0 0 -1 0 0 0 0 0 0 0 0 0 0 0 0 -1 1 1 0 0 0 0 0 0 1 1 0 0 0 0 0 1 0 0 0 0 0 0 0 0 0 0 0 0 0 0 0 0 0 0 0 0 0 1 0 0 0 0 0 0 0 0 -1 0 0 0 -1 0 0 0 0 0 0 0 0 0 0 0 0 0 0 1 -1 0 -1 0 -1 -1 0 0 0 1 1 0 0 0 0 -1 0 0 0 0 1 -1 0 1 0 0 -1 0 0 0 0 0 -1 0 0 0 0 0 0 0 0 0 0 0 0 0 0 0 0 1 0 0 1 -1 0 0 0 0 0 0 0 0 0 0 1 -1 0 0 0 0 0 0 -1 -1 0 0 0 1 0 0 0 0 -1 0 1 1 -1 0 0 0 0 0 0 0 0 1 0 0 0 0 0 0 0 0 0 0 0 0 0 1 0 0 -1 0 1 0 0 0 0 0 0 0 0 0 0 0 0 0 0 1 0 0 1 0 1 0 -1 -1 0 0 0 -1 0 0 1 0 1 0 0 0 0 1 -1 0 0 0 0 0 0 0 0 0 0 0 0 0 0 0 0 0 1 0 0 0 0 0 0 0 0 -1 0 0 0 0 1 0 0 0 0 0 0 0 0 0 0 -1 0 0 0 0 0 0 0 0 0 0 0 0 1 1 0 1 0 -1 0 0 0 0 0 -1 0 0 1 0 1 0 0 0 0 0 0 1 0 0 -1 0 -1 0 0 -1 0 0 0 -1 0 -1 0 0 0 0 0 0 0 -1 0 0 0 0 0 0 0 0 0 1 0 0 1 -1 0 0 0 0 0 0 0 0 0 0 -1 0 0 0 0 0 1 0 0 0 0 0 0 0 0 0 -1 0 0 0 0 0 0 0 0 0 0 0 1 -1 0 0 0 -1 0 0 0 0 0 0 1 0 0 -1 0 0 0 0 0 -1 0 0 -1 0 0 0 0 0 0 0 0 0 0 0 0 1 0 0 0
0 0 0
1 0 0
2 0 -1
3 0 0
4 0 0
5 0 0
6 0 0
6 1 -1
5 1 0
5 2 0
5 3 0
4 3 0
4 2 0
4 1 -1
3 1 0
2 1 1
1 1 0
1 2 0
0 2 0
63 2 0
62 2 0
62 3 1
61 3 0
61 2 0
61 1 0
62 1 0
63 1 0
63 0 0
62 0 0
61 0 1
61 63 0
62 63 0
63 63 0
0 63 0
0 62 1
63 62 0
62 62 0
62 61 0
63 61 1
0 61 -1
1 61 -1
1 62 0
2 62 0
2 61 0
3 61 0
3 60 0
3 59 0
3 58 0
4 58 0
5 58 0
6 58 0
6 57 0
5 57 0
4 57 0
3 57 -1
2 57 0
2 58 0
2 59 -1
2 60 0
1 60 0
0 60 1
63 60 -1
63 59 0
0 59 0
0 58 0
1 58 0
1 57 0
1 56 0
2 56 0
3 56 1
3 55 0
2 55 0
1 55 0
0 55 0
0 56 0
0 57 0
63 57 0
63 58 1
62 58 1
61 58 -1
60 58 0
59 58 0
58 58 0
58 57 0
58 56 0
58 55 0
59 55 0
59 54 0
59 53 0
60 53 0
61 53 0
61 52 0
61 51 0
62 51 0
62 50 0
63 50 0
0 50 0
0 49 0
0 48 0
0 47 0
0 46 1
63 46 1
62 46 0
62 47 0
63 47 -1
63 48 0
63 49 0
62 49 0
61 49 0
61 50 0
60 50 0
59 50 0
59 49 0
58 49 0
58 48 0
58 47 0
58 46 0
58 45 0
57 45 -1
57 44 1
57 43 1
58 43 0
59 43 0
60 43 0
60 42 0
60 41 0
59 41 1
59 42 0
58 42 1
58 41 -1
58 40 0
57 40 0
57 41 0
57 42 -1
56 42 0
56 43 -1
55 43 1
54 43 0
54 44 0
55 44 -1
56 44 0
56 45 0
55 45 0
55 46 0
56 46 0
57 46 1
57 47 0
56 47 0
55 47 0
54 47 0
54 46 0
53 46 0
53 45 0
53 44 0
53 43 0
52 43 -1
51 43 0
51 44 0
50 44 0
49 44 0
48 44 0
48 43 0
47 43 0
46 43 0
45 43 0
44 43 0
44 42 0
44 41 0
44 40 0
43 40 1
43 41 0
42 41 0
42 40 0
42 39 0
43 39 -1
43 38 0
44 38 1
44 39 0
45 39 0
45 38 -1
45 37 1
44 37 -1
44 36 0
44 35 0
45 35 0
46 35 0
46 36 0
46 37 0
46 38 0
46 39 0
47 39 0
47 38 0
48 38 0
49 38 0
50 38 0
50 39 1
50 40 1
51 40 0
52 40 0
52 41 1
52 42 1
53 42 0
53 41 0
54 41 0
54 42 0
55 42 -1
55 41 0
56 41 0
56 40 0
56 39 0
57 39 0
58 39 0
59 39 0
59 40 -1
60 40 0
60 39 0
61 39 0
61 38 0
61 37 0
61 36 0
61 35 0
61 34 0
62 34 0
63 34 0
0 34 0
1 34 0
1 33 -1
1 32 1
1 31 1
0 31 0
0 30 0
63 30 0
63 31 0
63 32 0
0 32 0
0 33 1
63 33 1
62 33 0
61 33 0
61 32 0
62 32 0
62 31 0
61 31 1
60 31 0
59 31 0
59 32 0
60 32 0
60 33 0
60 34 0
60 35 0
60 36 0
60 37 0
60 38 0
59 38 0
58 38 0
58 37 0
59 37 0
59 36 0
58 36 0
57 36 0
56 36 0
55 36 0
55 35 0
55 34 0
55 33 1
56 33 0
57 33 0
57 32 0
57 31 0
57 30 0
56 30 0
56 31 0
56 32 0
55 32 -1
55 31 0
54 31 0
54 32 0
54 33 -1
54 34 0
53 34 0
53 33 0
52 33 0
51 33 0
51 32 0
51 31 0
50 31 0
49 31 0
49 32 0
48 32 0
47 32 0
47 31 0
46 31 0
45 31 1
44 31 -1
44 30 0
45 30 -1
46 30 0
47 30 -1
47 29 -1
47 28 0
46 28 0
46 29 0
45 29 1
44 29 1
44 28 0
45 28 0
45 27 0
45 26 0
45 25 -1
46 25 0
47 25 0
47 24 0
46 24 0
45 24 1
45 23 -1
45 22 0
46 22 1
46 23 0
47 23 0
47 22 -1
48 22 0
48 21 0
48 20 0
47 20 0
47 21 0
46 21 -1
46 20 0
46 19 0
46 18 0
45 18 0
45 17 0
46 17 0
46 16 0
45 16 0
44 16 0
44 17 0
44 18 0
44 19 0
45 19 0
45 20 0
45 21 0
44 21 0
44 22 1
44 23 0
44 24 0
44 25 1
43 25 -1
43 24 0
42 24 0
42 25 0
41 25 0
41 24 0
41 23 0
40 23 0
39 23 0
39 24 0
39 25 0
40 25 1
40 26 -1
40 27 0
41 27 0
41 26 0
42 26 0
42 27 0
43 27 0
43 28 -1
43 29 -1
43 30 0
42 30 0
42 29 0
42 28 1
41 28 0
41 29 0
40 29 0
40 28 0
39 28 -1
39 27 0
39 26 1
38 26 1
38 25 -1
38 24 0
38 23 0
37 23 0
37 24 0
37 25 0
37 26 0
37 27 0
38 27 0
38 28 1
38 29 0
38 30 0
38 31 0
39 31 0
39 30 0
40 30 0
40 31 0
40 32 0
40 33 0
41 33 0
41 32 0
42 32 0
42 31 0
43 31 1
43 32 0
44 32 0
45 32 -1
46 32 0
46 33 1
47 33 0
47 34 0
46 34 0
45 34 0
44 34 0
44 33 0
43 33 0
43 34 0
42 34 0
41 34 0
41 35 0
42 35 0
43 35 0
43 36 0
43 37 1
42 37 0
42 38 0
41 38 1
40 38 0
40 37 1
41 37 0
41 36 -1
40 36 -1
40 35 0
39 35 0
39 36 0
39 37 -1
39 38 0
38 38 0
38 37 1
37 37 0
37 36 1
37 35 0
38 35 0
38 34 0
39 34 0
39 33 1
39 32 -1
38 32 0
37 32 0
37 33 0
37 34 0
36 34 0
35 34 0
34 34 0
34 35 0
35 35 0
36 35 0
36 36 0
35 36 0
35 37 0
36 37 0
36 38 0
37 38 0
37 39 0
37 40 1
38 40 0
38 39 0
39 39 0
40 39 0
40 40 0
39 40 0
39 41 0
38 41 0
37 41 -1
36 41 0
35 41 0
35 42 0
36 42 0
37 42 1
38 42 0
38 43 0
38 44 0
37 44 0
36 44 0
35 44 0
35 43 0
34 43 0
33 43 0
32 43 0
31 43 -1
31 44 0
30 44 0
30 43 0
29 43 0
29 44 0
29 45 0
30 45 0
31 45 0
32 45 0
33 45 0
34 45 0
34 46 0
33 46 1
33 47 1
34 47 0
34 48 1
33 48 0
32 48 -1
32 47 0
32 46 0
31 46 0
30 46 0
29 46 0
29 47 -1
30 47 0
31 47 0
31 48 1
30 48 0
29 48 1
29 49 0
30 49 0
31 49 0
32 49 0
33 49 0
33 50 0
34 50 1
34 49 0
35 49 0
35 50 -1
35 51 0
34 51 -1
34 52 0
34 53 0
33 53 -1
33 52 0
33 51 0
32 51 0
32 50 -1
31 50 0
30 50 -1
30 51 0
29 51 0
28 51 0
27 51 0
27 50 0
28 50 0
28 49 0
28 48 -1
28 47 0
27 47 0
27 46 0
26 46 0
26 47 0
25 47 0
25 46 0
25 45 0
25 44 0
25 43 1
24 43 0
24 44 0
23 44 1
22 44 -1
22 43 0
22 42 0
22 41 0
23 41 0
23 42 0
24 42 0
24 41 0
25 41 0
25 42 0
26 42 0
26 43 -1
27 43 0
27 42 0
28 42 0
29 42 0
30 42 0
31 42 1
31 41 0
32 41 0
32 40 0
33 40 0
33 41 0
33 42 0
34 42 0
34 41 0
34 40 0
34 39 -1
34 38 0
34 37 0
34 36 0
33 36 0
32 36 0
32 35 0
32 34 0
32 33 0
31 33 0
31 32 0
32 32 0
32 31 1
33 31 -1
34 31 0
34 30 0
33 30 0
32 30 -1
32 29 0
32 28 0
32 27 0
31 27 0
31 28 0
31 29 0
31 30 1
31 31 0
30 31 0
30 30 -1
30 29 0
29 29 0
29 30 0
29 31 0
29 32 0
30 32 -1
30 33 0
29 33 0
29 34 -1
29 35 0
30 35 0
30 34 0
31 34 0
31 35 0
31 36 0
30 36 0
30 37 0
31 37 0
32 37 0
33 37 0
33 38 0
33 39 1
32 39 0
32 38 0
31 38 0
53
